shared/build/intermediates/manifest_merge_blame_file/release/processReleaseManifest/manifest-merger-blame-release-report.txt
1<?xml version="1.0" encoding="utf-8"?>
2<manifest xmlns:android="http://schemas.android.com/apk/res/android"
3    package="com.shilapi.xcertplay.shared" >
4
5    <uses-sdk android:minSdkVersion="29" />
5-->INJECTED
5-->INJECTED
6
7    <uses-feature
7-->src\main\AndroidManifest.xml:3:5-5:36
8        android:name="android.hardware.usb.host"
8-->src\main\AndroidManifest.xml:4:9-49
9        android:required="false" />
9-->src\main\AndroidManifest.xml:5:9-33
10
11    <application>
11-->src\main\AndroidManifest.xml:7:5-22:19
12
13        <!-- Minimum Car API level -->
14        <meta-data
14-->src\main\AndroidManifest.xml:9:9-11:33
15            android:name="androidx.car.app.minCarApiLevel"
15-->src\main\AndroidManifest.xml:10:13-59
16            android:value="1" />
16-->src\main\AndroidManifest.xml:11:13-30
17
18        <service
18-->src\main\AndroidManifest.xml:13:9-21:19
19            android:name="com.shilapi.xcertplay.shared.MyCarAppService"
19-->src\main\AndroidManifest.xml:14:13-72
20            android:exported="true" >
20-->src\main\AndroidManifest.xml:15:13-36
21            <intent-filter>
21-->src\main\AndroidManifest.xml:16:13-20:29
22                <action android:name="androidx.car.app.CarAppService" />
22-->src\main\AndroidManifest.xml:17:17-73
22-->src\main\AndroidManifest.xml:17:25-70
23                <!-- Other categories: NAVIGATION, CHARGING, IOT, ... -->
24                <category android:name="androidx.car.app.category.POI" />
24-->src\main\AndroidManifest.xml:19:17-74
24-->src\main\AndroidManifest.xml:19:27-71
25            </intent-filter>
26        </service>
27    </application>
28
29</manifest>